<?xml version="1.0" encoding="UTF-8"?>
<!-- Generated by org.testng.reporters.JUnitXMLReporter -->
<testsuite ignored="0" hostname="VGG-LT-566" failures="0" tests="4" name="Default test" time="65.805" errors="0" timestamp="2024-06-05T12:06:46 PDT">
  <testcase classname="functional.AddMedication" name="Login" time="8.395"/>
  <testcase classname="functional.AddMedication" name="addMedication" time="18.358"/>
  <testcase classname="functional.AddMedication" name="SetMedReminder" time="26.577"/>
  <testcase classname="functional.AddMedication" name="ValidateReminderSet" time="2.055"/>
</testsuite> <!-- Default test -->
