<?xml version="1.0" encoding="UTF-8"?>
<testng-results ignored="0" total="4" passed="4" failed="0" skipped="0">
  <reporter-output>
  </reporter-output>
  <suite started-at="2024-06-05T12:05:40 PDT" name="Default suite" finished-at="2024-06-05T12:06:46 PDT" duration-ms="65805">
    <groups>
    </groups>
    <test started-at="2024-06-05T12:05:40 PDT" name="Default test" finished-at="2024-06-05T12:06:46 PDT" duration-ms="65805">
      <class name="functional.AddMedication">
        <test-method is-config="true" signature="Setup()[pri:0, instance:functional.AddMedication@48bb62]" started-at="2024-06-05T12:05:40 PDT" name="Setup" finished-at="2024-06-05T12:05:51 PDT" duration-ms="10334" status="PASS">
          <reporter-output>
          </reporter-output>
        </test-method> <!-- Setup -->
        <test-method signature="Login()[pri:0, instance:functional.AddMedication@48bb62]" started-at="2024-06-05T12:05:51 PDT" name="Login" finished-at="2024-06-05T12:05:59 PDT" duration-ms="8395" status="PASS">
          <reporter-output>
          </reporter-output>
        </test-method> <!-- Login -->
        <test-method signature="addMedication()[pri:1, instance:functional.AddMedication@48bb62]" started-at="2024-06-05T12:05:59 PDT" name="addMedication" finished-at="2024-06-05T12:06:17 PDT" duration-ms="18358" status="PASS">
          <reporter-output>
          </reporter-output>
        </test-method> <!-- addMedication -->
        <test-method signature="SetMedReminder()[pri:2, instance:functional.AddMedication@48bb62]" started-at="2024-06-05T12:06:17 PDT" name="SetMedReminder" finished-at="2024-06-05T12:06:44 PDT" duration-ms="26577" status="PASS">
          <reporter-output>
          </reporter-output>
        </test-method> <!-- SetMedReminder -->
        <test-method signature="ValidateReminderSet()[pri:3, instance:functional.AddMedication@48bb62]" started-at="2024-06-05T12:06:44 PDT" name="ValidateReminderSet" finished-at="2024-06-05T12:06:46 PDT" duration-ms="2055" status="PASS">
          <reporter-output>
          </reporter-output>
        </test-method> <!-- ValidateReminderSet -->
      </class> <!-- functional.AddMedication -->
    </test> <!-- Default test -->
  </suite> <!-- Default suite -->
</testng-results>
